# JRE version: Java(TM) SE Runtime Environment (8.0-b132) (build 1.8.0-b132)
# Java VM: Java HotSpot(TM) 64-Bit Server VM (25.0-b70 mixed mode windows-amd64 compressed oops)
Heap:
 PSYoungGen      total 45568K, used 31369K [0x00000000eab00000, 0x00000000ef400000, 0x0000000100000000)
  eden space 37888K, 62% used [0x00000000eab00000,0x00000000ec223558,0x00000000ed000000)
  from space 7680K, 99% used [0x00000000ede80000,0x00000000ee5ff158,0x00000000ee600000)
  to   space 14848K, 0% used [0x00000000ed000000,0x00000000ed000000,0x00000000ede80000)
 ParOldGen       total 129536K, used 86855K [0x00000000c0000000, 0x00000000c7e80000, 0x00000000eab00000)
  object space 129536K, 67% used [0x00000000c0000000,0x00000000c54d1f70,0x00000000c7e80000)
 Metaspace       used 4979K, capacity 5506K, committed 5760K, reserved 1056768K
  class space    used 555K, capacity 562K, committed 640K, reserved 1048576K
GC Heap History (10 events):
Event: 0.507 GC heap before
{Heap before GC invocations=12 (full 0):
 PSYoungGen      total 16896K, used 14542K [0x00000000eab00000, 0x00000000ec800000, 0x0000000100000000)
  eden space 11264K, 100% used [0x00000000eab00000,0x00000000eb600000,0x00000000eb600000)
  from space 5632K, 58% used [0x00000000eb600000,0x00000000eb933920,0x00000000ebb80000)
  to   space 5632K, 0% used [0x00000000ec280000,0x00000000ec280000,0x00000000ec800000)
 ParOldGen       total 129536K, used 11948K [0x00000000c0000000, 0x00000000c7e80000, 0x00000000eab00000)
  object space 129536K, 9% used [0x00000000c0000000,0x00000000c0bab378,0x00000000c7e80000)
 Metaspace       used 4947K, capacity 5506K, committed 5760K, reserved 1056768K
  class space    used 555K, capacity 562K, committed 640K, reserved 1048576K
Event: 0.513 GC heap after
Heap after GC invocations=12 (full 0):
 PSYoungGen      total 23552K, used 4793K [0x00000000eab00000, 0x00000000ec900000, 0x0000000100000000)
  eden space 17920K, 0% used [0x00000000eab00000,0x00000000eab00000,0x00000000ebc80000)
  from space 5632K, 85% used [0x00000000ec280000,0x00000000ec72e770,0x00000000ec800000)
  to   space 6144K, 0% used [0x00000000ebc80000,0x00000000ebc80000,0x00000000ec280000)
 ParOldGen       total 129536K, used 26875K [0x00000000c0000000, 0x00000000c7e80000, 0x00000000eab00000)
  object space 129536K, 20% used [0x00000000c0000000,0x00000000c1a3ec98,0x00000000c7e80000)
 Metaspace       used 4947K, capacity 5506K, committed 5760K, reserved 1056768K
  class space    used 555K, capacity 562K, committed 640K, reserved 1048576K
}
Event: 0.565 GC heap before
{Heap before GC invocations=13 (full 0):
 PSYoungGen      total 23552K, used 22713K [0x00000000eab00000, 0x00000000ec900000, 0x0000000100000000)
  eden space 17920K, 100% used [0x00000000eab00000,0x00000000ebc80000,0x00000000ebc80000)
  from space 5632K, 85% used [0x00000000ec280000,0x00000000ec72e770,0x00000000ec800000)
  to   space 6144K, 0% used [0x00000000ebc80000,0x00000000ebc80000,0x00000000ec280000)
 ParOldGen       total 129536K, used 26875K [0x00000000c0000000, 0x00000000c7e80000, 0x00000000eab00000)
  object space 129536K, 20% used [0x00000000c0000000,0x00000000c1a3ec98,0x00000000c7e80000)
 Metaspace       used 4956K, capacity 5506K, committed 5760K, reserved 1056768K
  class space    used 555K, capacity 562K, committed 640K, reserved 1048576K
Event: 0.570 GC heap after
Heap after GC invocations=13 (full 0):
 PSYoungGen      total 24064K, used 1603K [0x00000000eab00000, 0x00000000ed300000, 0x0000000100000000)
  eden space 17920K, 0% used [0x00000000eab00000,0x00000000eab00000,0x00000000ebc80000)
  from space 6144K, 26% used [0x00000000ebc80000,0x00000000ebe10d30,0x00000000ec280000)
  to   space 6144K, 0% used [0x00000000ecd00000,0x00000000ecd00000,0x00000000ed300000)
 ParOldGen       total 129536K, used 44865K [0x00000000c0000000, 0x00000000c7e80000, 0x00000000eab00000)
  object space 129536K, 34% used [0x00000000c0000000,0x00000000c2bd0460,0x00000000c7e80000)
 Metaspace       used 4956K, capacity 5506K, committed 5760K, reserved 1056768K
  class space    used 555K, capacity 562K, committed 640K, reserved 1048576K
}
Event: 0.613 GC heap before
{Heap before GC invocations=14 (full 0):
 PSYoungGen      total 24064K, used 19523K [0x00000000eab00000, 0x00000000ed300000, 0x0000000100000000)
  eden space 17920K, 100% used [0x00000000eab00000,0x00000000ebc80000,0x00000000ebc80000)
  from space 6144K, 26% used [0x00000000ebc80000,0x00000000ebe10d30,0x00000000ec280000)
  to   space 6144K, 0% used [0x00000000ecd00000,0x00000000ecd00000,0x00000000ed300000)
 ParOldGen       total 129536K, used 44865K [0x00000000c0000000, 0x00000000c7e80000, 0x00000000eab00000)
  object space 129536K, 34% used [0x00000000c0000000,0x00000000c2bd0460,0x00000000c7e80000)
 Metaspace       used 4960K, capacity 5506K, committed 5760K, reserved 1056768K
  class space    used 555K, capacity 562K, committed 640K, reserved 1048576K
Event: 0.616 GC heap after
Heap after GC invocations=14 (full 0):
 PSYoungGen      total 34304K, used 5575K [0x00000000eab00000, 0x00000000ed400000, 0x0000000100000000)
  eden space 28160K, 0% used [0x00000000eab00000,0x00000000eab00000,0x00000000ec680000)
  from space 6144K, 90% used [0x00000000ecd00000,0x00000000ed271da0,0x00000000ed300000)
  to   space 6656K, 0% used [0x00000000ec680000,0x00000000ec680000,0x00000000ecd00000)
 ParOldGen       total 129536K, used 50607K [0x00000000c0000000, 0x00000000c7e80000, 0x00000000eab00000)
  object space 129536K, 39% used [0x00000000c0000000,0x00000000c316bd08,0x00000000c7e80000)
 Metaspace       used 4960K, capacity 5506K, committed 5760K, reserved 1056768K
  class space    used 555K, capacity 562K, committed 640K, reserved 1048576K
}
Event: 0.680 GC heap before
{Heap before GC invocations=15 (full 0):
 PSYoungGen      total 34304K, used 33735K [0x00000000eab00000, 0x00000000ed400000, 0x0000000100000000)
  eden space 28160K, 100% used [0x00000000eab00000,0x00000000ec680000,0x00000000ec680000)
  from space 6144K, 90% used [0x00000000ecd00000,0x00000000ed271da0,0x00000000ed300000)
  to   space 6656K, 0% used [0x00000000ec680000,0x00000000ec680000,0x00000000ecd00000)
 ParOldGen       total 129536K, used 50607K [0x00000000c0000000, 0x00000000c7e80000, 0x00000000eab00000)
  object space 129536K, 39% used [0x00000000c0000000,0x00000000c316bd08,0x00000000c7e80000)
 Metaspace       used 4977K, capacity 5506K, committed 5760K, reserved 1056768K
  class space    used 555K, capacity 562K, committed 640K, reserved 1048576K
Event: 0.687 GC heap after
Heap after GC invocations=15 (full 0):
 PSYoungGen      total 34816K, used 6596K [0x00000000eab00000, 0x00000000ee600000, 0x0000000100000000)
  eden space 28160K, 0% used [0x00000000eab00000,0x00000000eab00000,0x00000000ec680000)
  from space 6656K, 99% used [0x00000000ec680000,0x00000000eccf1278,0x00000000ecd00000)
  to   space 7680K, 0% used [0x00000000ede80000,0x00000000ede80000,0x00000000ee600000)
 ParOldGen       total 129536K, used 72104K [0x00000000c0000000, 0x00000000c7e80000, 0x00000000eab00000)
  object space 129536K, 55% used [0x00000000c0000000,0x00000000c466a2b0,0x00000000c7e80000)
 Metaspace       used 4977K, capacity 5506K, committed 5760K, reserved 1056768K
  class space    used 555K, capacity 562K, committed 640K, reserved 1048576K
}
Event: 0.758 GC heap before
{Heap before GC invocations=16 (full 0):
 PSYoungGen      total 34816K, used 34756K [0x00000000eab00000, 0x00000000ee600000, 0x0000000100000000)
  eden space 28160K, 100% used [0x00000000eab00000,0x00000000ec680000,0x00000000ec680000)
  from space 6656K, 99% used [0x00000000ec680000,0x00000000eccf1278,0x00000000ecd00000)
  to   space 7680K, 0% used [0x00000000ede80000,0x00000000ede80000,0x00000000ee600000)
 ParOldGen       total 129536K, used 72104K [0x00000000c0000000, 0x00000000c7e80000, 0x00000000eab00000)
  object space 129536K, 55% used [0x00000000c0000000,0x00000000c466a2b0,0x00000000c7e80000)
 Metaspace       used 4977K, capacity 5506K, committed 5760K, reserved 1056768K
  class space    used 555K, capacity 562K, committed 640K, reserved 1048576K
Event: 0.765 GC heap after
Heap after GC invocations=16 (full 0):
 PSYoungGen      total 45568K, used 7676K [0x00000000eab00000, 0x00000000ef400000, 0x0000000100000000)
  eden space 37888K, 0% used [0x00000000eab00000,0x00000000eab00000,0x00000000ed000000)
  from space 7680K, 99% used [0x00000000ede80000,0x00000000ee5ff158,0x00000000ee600000)
  to   space 14848K, 0% used [0x00000000ed000000,0x00000000ed000000,0x00000000ede80000)
 ParOldGen       total 129536K, used 86855K [0x00000000c0000000, 0x00000000c7e80000, 0x00000000eab00000)
  object space 129536K, 67% used [0x00000000c0000000,0x00000000c54d1f70,0x00000000c7e80000)
 Metaspace       used 4977K, capacity 5506K, committed 5760K, reserved 1056768K
  class space    used 555K, capacity 562K, committed 640K, reserved 1048576K
}

